<?xml version="1.0" encoding="UTF-8" ?>
<testsuite tests="8" failures="0" name="org.ra.RestAssured2Test" time="6.679" errors="0" skipped="0">
  <properties>
[...]
</properties>
  <testcase classname="org.ra.RestAssured2Test" name="forAuthUrls" time="3.097"/>
  <testcase classname="org.ra.RestAssured2Test" name="postRequest3" time="0.551"/>
  <testcase classname="org.ra.RestAssured2Test" name="postRequestWithHeaders2" time="0.463"/>
  <testcase classname="org.ra.RestAssured2Test" name="forAuthUrls2" time="1.676"/>
  <testcase classname="org.ra.RestAssured2Test" name="getRequest2" time="0.162"/>
  <testcase classname="org.ra.RestAssured2Test" name="getRequest3" time="0.153"/>
  <testcase classname="org.ra.RestAssured2Test" name="postRequestWithHeaders" time="0.445"/>
  <testcase classname="org.ra.RestAssured2Test" name="getRequest" time="0.132"/>
</testsuite>